0 info it worked if it ends with ok
1 verbose cli [ '/usr/bin/nodejs', '/usr/bin/npm', 'install', '-g', 'chai' ]
2 info using npm@2.14.12
3 info using node@v4.2.6
4 verbose install initial load of /usr/lib/package.json
5 verbose readDependencies loading dependencies from /usr/lib/package.json
6 silly cache add args [ 'chai', null ]
7 verbose cache add spec chai
8 silly cache add parsed spec Result {
8 silly cache add   raw: 'chai',
8 silly cache add   scope: null,
8 silly cache add   name: 'chai',
8 silly cache add   rawSpec: '',
8 silly cache add   spec: 'latest',
8 silly cache add   type: 'tag' }
9 silly addNamed chai@latest
10 verbose addNamed "latest" is being treated as a dist-tag for chai
11 info addNameTag [ 'chai', 'latest' ]
12 silly mapToRegistry name chai
13 silly mapToRegistry using default registry
14 silly mapToRegistry registry https://registry.npmjs.org/
15 silly mapToRegistry uri https://registry.npmjs.org/chai
16 verbose addNameTag registry:https://registry.npmjs.org/chai not in flight; fetching
17 verbose request uri https://registry.npmjs.org/chai
18 verbose request no auth needed
19 info attempt registry request try #1 at 10:23:55 AM
20 verbose request id d9ff5e7cbf170e86
21 verbose etag "3HZGY7159M2PRULVD7MYCNAOH"
22 http request GET https://registry.npmjs.org/chai
23 http 200 https://registry.npmjs.org/chai
24 verbose headers { server: 'CouchDB/1.5.0 (Erlang OTP/R16B03)',
24 verbose headers   etag: '"3VH6W0RNMM29V3IGIC2O8ZAR1"',
24 verbose headers   'content-type': 'application/json',
24 verbose headers   'cache-control': 'max-age=300',
24 verbose headers   'content-length': '86450',
24 verbose headers   'accept-ranges': 'bytes',
24 verbose headers   date: 'Fri, 05 Feb 2016 18:23:55 GMT',
24 verbose headers   via: '1.1 varnish',
24 verbose headers   age: '72',
24 verbose headers   connection: 'keep-alive',
24 verbose headers   'x-served-by': 'cache-sjc3130-SJC',
24 verbose headers   'x-cache': 'HIT',
24 verbose headers   'x-cache-hits': '2',
24 verbose headers   'x-timer': 'S1454696635.781273,VS0,VE0',
24 verbose headers   vary: 'Accept' }
25 silly get cb [ 200,
25 silly get   { server: 'CouchDB/1.5.0 (Erlang OTP/R16B03)',
25 silly get     etag: '"3VH6W0RNMM29V3IGIC2O8ZAR1"',
25 silly get     'content-type': 'application/json',
25 silly get     'cache-control': 'max-age=300',
25 silly get     'content-length': '86450',
25 silly get     'accept-ranges': 'bytes',
25 silly get     date: 'Fri, 05 Feb 2016 18:23:55 GMT',
25 silly get     via: '1.1 varnish',
25 silly get     age: '72',
25 silly get     connection: 'keep-alive',
25 silly get     'x-served-by': 'cache-sjc3130-SJC',
25 silly get     'x-cache': 'HIT',
25 silly get     'x-cache-hits': '2',
25 silly get     'x-timer': 'S1454696635.781273,VS0,VE0',
25 silly get     vary: 'Accept' } ]
26 verbose get saving chai to /home/pchaussalet/.npm/registry.npmjs.org/chai/.cache.json
27 silly addNameTag next cb for chai with tag latest
28 silly addNamed chai@3.5.0
29 verbose addNamed "3.5.0" is a plain semver version for chai
30 silly mapToRegistry name chai
31 silly mapToRegistry using default registry
32 silly mapToRegistry registry https://registry.npmjs.org/
33 silly mapToRegistry uri https://registry.npmjs.org/chai
34 verbose addRemoteTarball https://registry.npmjs.org/chai/-/chai-3.5.0.tgz not in flight; adding
35 verbose addRemoteTarball [ 'https://registry.npmjs.org/chai/-/chai-3.5.0.tgz',
35 verbose addRemoteTarball   '4d02637b067fe958bdbfdd3a40ec56fef7373247' ]
36 info retry fetch attempt 1 at 10:23:55 AM
37 info attempt registry request try #1 at 10:23:55 AM
38 http fetch GET https://registry.npmjs.org/chai/-/chai-3.5.0.tgz
39 http fetch 200 https://registry.npmjs.org/chai/-/chai-3.5.0.tgz
40 silly fetchAndShaCheck shasum 4d02637b067fe958bdbfdd3a40ec56fef7373247
41 verbose addTmpTarball /tmp/npm-6261-b2bba10f/registry.npmjs.org/chai/-/chai-3.5.0.tgz not in flight; adding
42 verbose addTmpTarball already have metadata; skipping unpack for chai@3.5.0
43 silly cache afterAdd chai@3.5.0
44 verbose afterAdd /home/pchaussalet/.npm/chai/3.5.0/package/package.json not in flight; writing
45 verbose afterAdd /home/pchaussalet/.npm/chai/3.5.0/package/package.json written
46 silly install resolved [ { author: { name: 'Jake Luer', email: 'jake@alogicalparadox.com' },
46 silly install resolved     name: 'chai',
46 silly install resolved     description: 'BDD/TDD assertion library for node.js and the browser. Test framework agnostic.',
46 silly install resolved     keywords: [ 'test', 'assertion', 'assert', 'testing', 'chai' ],
46 silly install resolved     homepage: 'http://chaijs.com',
46 silly install resolved     license: 'MIT',
46 silly install resolved     contributors: [ [Object], [Object], [Object], [Object] ],
46 silly install resolved     version: '3.5.0',
46 silly install resolved     repository: { type: 'git', url: 'git+https://github.com/chaijs/chai.git' },
46 silly install resolved     bugs: { url: 'https://github.com/chaijs/chai/issues' },
46 silly install resolved     main: './index',
46 silly install resolved     scripts: { test: 'make test' },
46 silly install resolved     engines: { node: '>= 0.4.0' },
46 silly install resolved     dependencies:
46 silly install resolved      { 'assertion-error': '^1.0.1',
46 silly install resolved        'deep-eql': '^0.1.3',
46 silly install resolved        'type-detect': '^1.0.0' },
46 silly install resolved     devDependencies:
46 silly install resolved      { browserify: '^10.2.1',
46 silly install resolved        'bump-cli': '^1.1.3',
46 silly install resolved        karma: '^0.13.16',
46 silly install resolved        'karma-mocha': '^0.1.10',
46 silly install resolved        'karma-sauce-launcher': '^0.2.11',
46 silly install resolved        'karma-phantomjs-launcher': '^0.2.0',
46 silly install resolved        'karma-firefox-launcher': '^0.1.6',
46 silly install resolved        mocha: '^2.2.5',
46 silly install resolved        istanbul: '^0.3.14' },
46 silly install resolved     gitHead: '4ca0218391cf947c6cfac2d1a7424a63a4b4c232',
46 silly install resolved     _id: 'chai@3.5.0',
46 silly install resolved     _shasum: '4d02637b067fe958bdbfdd3a40ec56fef7373247',
46 silly install resolved     _from: 'chai@latest',
46 silly install resolved     _npmVersion: '3.3.12',
46 silly install resolved     _nodeVersion: '5.5.0',
46 silly install resolved     _npmUser: { name: 'chaijs', email: 'chaijs@keithcirkel.co.uk' },
46 silly install resolved     dist:
46 silly install resolved      { shasum: '4d02637b067fe958bdbfdd3a40ec56fef7373247',
46 silly install resolved        tarball: 'http://registry.npmjs.org/chai/-/chai-3.5.0.tgz' },
46 silly install resolved     maintainers: [ [Object], [Object] ],
46 silly install resolved     directories: {},
46 silly install resolved     _resolved: 'https://registry.npmjs.org/chai/-/chai-3.5.0.tgz' } ]
47 info install chai@3.5.0 into /usr/lib
48 info installOne chai@3.5.0
49 verbose installOne of chai to /usr/lib not in flight; installing
50 verbose lock using /home/pchaussalet/.npm/_locks/chai-03770f7ac360a442.lock for /usr/lib/node_modules/chai
51 silly install write writing chai 3.5.0 to /usr/lib/node_modules/chai
52 verbose unbuild lib/node_modules/chai
53 silly gentlyRm /usr/lib/node_modules/chai is being purged from base /usr
54 verbose gentlyRm don't care about contents; nuking /usr/lib/node_modules/chai
55 verbose tar unpack /home/pchaussalet/.npm/chai/3.5.0/package.tgz
56 verbose tar unpacking to /usr/lib/node_modules/chai
57 silly gentlyRm /usr/lib/node_modules/chai is being purged
58 verbose gentlyRm don't care about contents; nuking /usr/lib/node_modules/chai
59 silly gunzTarPerm modes [ '755', '644' ]
60 error tar.unpack untar error /home/pchaussalet/.npm/chai/3.5.0/package.tgz
61 verbose unlock done using /home/pchaussalet/.npm/_locks/chai-03770f7ac360a442.lock for /usr/lib/node_modules/chai
62 verbose fstream_path /usr/lib/node_modules/chai
63 verbose fstream_type Directory
64 verbose fstream_class DirWriter
65 verbose stack Error: EACCES: permission denied, mkdir '/usr/lib/node_modules/chai'
65 verbose stack     at Error (native)
66 verbose fstream_stack /usr/lib/node_modules/npm/node_modules/fstream/lib/dir-writer.js:35:25
66 verbose fstream_stack /usr/lib/node_modules/npm/node_modules/mkdirp/index.js:47:53
66 verbose fstream_stack FSReqWrap.oncomplete (fs.js:82:15)
67 verbose cwd /home/pchaussalet/montagestudio/clients_projects/aerohive/sources/hiveclass/montage-webrtc
68 error Linux 3.16.0-4-amd64
69 error argv "/usr/bin/nodejs" "/usr/bin/npm" "install" "-g" "chai"
70 error node v4.2.6
71 error npm  v2.14.12
72 error path /usr/lib/node_modules/chai
73 error code EACCES
74 error errno -13
75 error syscall mkdir
76 error Error: EACCES: permission denied, mkdir '/usr/lib/node_modules/chai'
76 error     at Error (native)
76 error  { [Error: EACCES: permission denied, mkdir '/usr/lib/node_modules/chai']
76 error   errno: -13,
76 error   code: 'EACCES',
76 error   syscall: 'mkdir',
76 error   path: '/usr/lib/node_modules/chai',
76 error   fstream_type: 'Directory',
76 error   fstream_path: '/usr/lib/node_modules/chai',
76 error   fstream_class: 'DirWriter',
76 error   fstream_stack:
76 error    [ '/usr/lib/node_modules/npm/node_modules/fstream/lib/dir-writer.js:35:25',
76 error      '/usr/lib/node_modules/npm/node_modules/mkdirp/index.js:47:53',
76 error      'FSReqWrap.oncomplete (fs.js:82:15)' ] }
77 error Please try running this command again as root/Administrator.
78 verbose exit [ -13, true ]
79 verbose unbuild lib/node_modules/chai
80 silly gentlyRm /usr/lib/node_modules/chai is being purged from base /usr
81 verbose gentlyRm don't care about contents; nuking /usr/lib/node_modules/chai
